<?xml version="1.0" encoding="UTF-8"?>
<testng-results ignored="0" total="1" passed="1" failed="0" skipped="0">
  <reporter-output>
  </reporter-output>
  <suite started-at="2019-07-11T16:49:10Z" name="Default suite" finished-at="2019-07-11T16:49:13Z" duration-ms="3579">
    <groups>
    </groups>
    <test started-at="2019-07-11T16:49:10Z" name="Default test" finished-at="2019-07-11T16:49:13Z" duration-ms="3579">
      <class name="org.api.RestAssured.RestAssuredTest.JiraTest">
        <test-method signature="jiraIssue()[pri:0, instance:org.api.RestAssured.RestAssuredTest.JiraTest@2aa5fe93]" started-at="2019-07-11T16:49:10Z" name="jiraIssue" finished-at="2019-07-11T16:49:13Z" duration-ms="3550" status="PASS">
          <reporter-output>
          </reporter-output>
        </test-method> <!-- jiraIssue -->
      </class> <!-- org.api.RestAssured.RestAssuredTest.JiraTest -->
    </test> <!-- Default test -->
  </suite> <!-- Default suite -->
</testng-results>
